{"/home/jean/projetos-pessoais-portifolio/curso-react-avancado-udemy/Won-GAmes_E-Commerce/front-end/src/components/Main/index.tsx": {"path":"/home/jean/projetos-pessoais-portifolio/curso-react-avancado-udemy/Won-GAmes_E-Commerce/front-end/src/components/Main/index.tsx","statementMap":{"0":{"start":{"line":3,"column":13},"end":{"line":19,"column":1}},"1":{"start":{"line":7,"column":2},"end":{"line":18,"column":14}}},"fnMap":{"0":{"name":"(anonymous_0)","decl":{"start":{"line":3,"column":13},"end":{"line":3,"column":14}},"loc":{"start":{"line":7,"column":2},"end":{"line":18,"column":14}},"line":7}},"branchMap":{"0":{"loc":{"start":{"line":4,"column":2},"end":{"line":4,"column":26}},"type":"default-arg","locations":[{"start":{"line":4,"column":10},"end":{"line":4,"column":26}}],"line":4},"1":{"loc":{"start":{"line":5,"column":2},"end":{"line":5,"column":65}},"type":"default-arg","locations":[{"start":{"line":5,"column":16},"end":{"line":5,"column":65}}],"line":5}},"s":{"0":1,"1":2},"f":{"0":2},"b":{"0":[2],"1":[2]},"_coverageSchema":"1a1c01bbd47fc00a2c39e90264f33305004495a9","hash":"f64910b3e09fd04881ccc1aaa56547d1bcbe89bc"}
,"/home/jean/projetos-pessoais-portifolio/curso-react-avancado-udemy/Won-GAmes_E-Commerce/front-end/src/components/Main/stories.tsx": {"path":"/home/jean/projetos-pessoais-portifolio/curso-react-avancado-udemy/Won-GAmes_E-Commerce/front-end/src/components/Main/stories.tsx","statementMap":{"0":{"start":{"line":11,"column":28},"end":{"line":19,"column":1}},"1":{"start":{"line":12,"column":2},"end":{"line":18,"column":4}}},"fnMap":{"0":{"name":"(anonymous_0)","decl":{"start":{"line":11,"column":28},"end":{"line":11,"column":29}},"loc":{"start":{"line":12,"column":2},"end":{"line":18,"column":4}},"line":12}},"branchMap":{},"s":{"0":0,"1":0},"f":{"0":0},"b":{}}
,"/home/jean/projetos-pessoais-portifolio/curso-react-avancado-udemy/Won-GAmes_E-Commerce/front-end/src/pages/_app.tsx": {"path":"/home/jean/projetos-pessoais-portifolio/curso-react-avancado-udemy/Won-GAmes_E-Commerce/front-end/src/pages/_app.tsx","statementMap":{"0":{"start":{"line":6,"column":32},"end":{"line":22,"column":1}},"1":{"start":{"line":7,"column":2},"end":{"line":21,"column":3}}},"fnMap":{"0":{"name":"(anonymous_0)","decl":{"start":{"line":6,"column":32},"end":{"line":6,"column":33}},"loc":{"start":{"line":6,"column":62},"end":{"line":22,"column":1}},"line":6}},"branchMap":{},"s":{"0":0,"1":0},"f":{"0":0},"b":{}}
,"/home/jean/projetos-pessoais-portifolio/curso-react-avancado-udemy/Won-GAmes_E-Commerce/front-end/src/pages/_document.tsx": {"path":"/home/jean/projetos-pessoais-portifolio/curso-react-avancado-udemy/Won-GAmes_E-Commerce/front-end/src/pages/_document.tsx","statementMap":{"0":{"start":{"line":12,"column":18},"end":{"line":12,"column":40}},"1":{"start":{"line":13,"column":31},"end":{"line":13,"column":45}},"2":{"start":{"line":15,"column":4},"end":{"line":34,"column":5}},"3":{"start":{"line":16,"column":6},"end":{"line":20,"column":10}},"4":{"start":{"line":17,"column":8},"end":{"line":20,"column":10}},"5":{"start":{"line":18,"column":31},"end":{"line":19,"column":51}},"6":{"start":{"line":19,"column":12},"end":{"line":19,"column":51}},"7":{"start":{"line":22,"column":27},"end":{"line":22,"column":62}},"8":{"start":{"line":23,"column":6},"end":{"line":31,"column":7}},"9":{"start":{"line":33,"column":6},"end":{"line":33,"column":18}},"10":{"start":{"line":38,"column":4},"end":{"line":46,"column":5}}},"fnMap":{"0":{"name":"(anonymous_0)","decl":{"start":{"line":11,"column":2},"end":{"line":11,"column":3}},"loc":{"start":{"line":11,"column":53},"end":{"line":35,"column":3}},"line":11},"1":{"name":"(anonymous_1)","decl":{"start":{"line":16,"column":23},"end":{"line":16,"column":24}},"loc":{"start":{"line":17,"column":8},"end":{"line":20,"column":10}},"line":17},"2":{"name":"(anonymous_2)","decl":{"start":{"line":18,"column":22},"end":{"line":18,"column":23}},"loc":{"start":{"line":18,"column":31},"end":{"line":19,"column":51}},"line":18},"3":{"name":"(anonymous_3)","decl":{"start":{"line":18,"column":31},"end":{"line":18,"column":32}},"loc":{"start":{"line":19,"column":12},"end":{"line":19,"column":51}},"line":19},"4":{"name":"(anonymous_4)","decl":{"start":{"line":37,"column":2},"end":{"line":37,"column":3}},"loc":{"start":{"line":37,"column":11},"end":{"line":47,"column":3}},"line":37}},"branchMap":{},"s":{"0":0,"1":0,"2":0,"3":0,"4":0,"5":0,"6":0,"7":0,"8":0,"9":0,"10":0},"f":{"0":0,"1":0,"2":0,"3":0,"4":0},"b":{}}
,"/home/jean/projetos-pessoais-portifolio/curso-react-avancado-udemy/Won-GAmes_E-Commerce/front-end/src/pages/index.tsx": {"path":"/home/jean/projetos-pessoais-portifolio/curso-react-avancado-udemy/Won-GAmes_E-Commerce/front-end/src/pages/index.tsx","statementMap":{"0":{"start":{"line":4,"column":2},"end":{"line":4,"column":17}}},"fnMap":{"0":{"name":"Home","decl":{"start":{"line":3,"column":24},"end":{"line":3,"column":28}},"loc":{"start":{"line":3,"column":31},"end":{"line":5,"column":1}},"line":3}},"branchMap":{},"s":{"0":0},"f":{"0":0},"b":{}}
,"/home/jean/projetos-pessoais-portifolio/curso-react-avancado-udemy/Won-GAmes_E-Commerce/front-end/src/stories/Button.stories.tsx": {"path":"/home/jean/projetos-pessoais-portifolio/curso-react-avancado-udemy/Won-GAmes_E-Commerce/front-end/src/stories/Button.stories.tsx","statementMap":{"0":{"start":{"line":15,"column":37},"end":{"line":15,"column":67}},"1":{"start":{"line":15,"column":47},"end":{"line":15,"column":67}},"2":{"start":{"line":17,"column":23},"end":{"line":17,"column":40}},"3":{"start":{"line":18,"column":0},"end":{"line":21,"column":2}},"4":{"start":{"line":23,"column":25},"end":{"line":23,"column":42}},"5":{"start":{"line":24,"column":0},"end":{"line":26,"column":2}},"6":{"start":{"line":28,"column":21},"end":{"line":28,"column":38}},"7":{"start":{"line":29,"column":0},"end":{"line":32,"column":2}},"8":{"start":{"line":34,"column":21},"end":{"line":34,"column":38}},"9":{"start":{"line":35,"column":0},"end":{"line":38,"column":2}}},"fnMap":{"0":{"name":"(anonymous_0)","decl":{"start":{"line":15,"column":37},"end":{"line":15,"column":38}},"loc":{"start":{"line":15,"column":47},"end":{"line":15,"column":67}},"line":15}},"branchMap":{},"s":{"0":0,"1":0,"2":0,"3":0,"4":0,"5":0,"6":0,"7":0,"8":0,"9":0},"f":{"0":0},"b":{}}
,"/home/jean/projetos-pessoais-portifolio/curso-react-avancado-udemy/Won-GAmes_E-Commerce/front-end/src/stories/Button.tsx": {"path":"/home/jean/projetos-pessoais-portifolio/curso-react-avancado-udemy/Won-GAmes_E-Commerce/front-end/src/stories/Button.tsx","statementMap":{"0":{"start":{"line":30,"column":45},"end":{"line":48,"column":1}},"1":{"start":{"line":37,"column":15},"end":{"line":37,"column":84}},"2":{"start":{"line":38,"column":2},"end":{"line":47,"column":4}}},"fnMap":{"0":{"name":"(anonymous_0)","decl":{"start":{"line":30,"column":45},"end":{"line":30,"column":46}},"loc":{"start":{"line":36,"column":6},"end":{"line":48,"column":1}},"line":36}},"branchMap":{"0":{"loc":{"start":{"line":31,"column":2},"end":{"line":31,"column":17}},"type":"default-arg","locations":[{"start":{"line":31,"column":12},"end":{"line":31,"column":17}}],"line":31},"1":{"loc":{"start":{"line":32,"column":2},"end":{"line":32,"column":17}},"type":"default-arg","locations":[{"start":{"line":32,"column":9},"end":{"line":32,"column":17}}],"line":32},"2":{"loc":{"start":{"line":37,"column":15},"end":{"line":37,"column":84}},"type":"cond-expr","locations":[{"start":{"line":37,"column":25},"end":{"line":37,"column":52}},{"start":{"line":37,"column":55},"end":{"line":37,"column":84}}],"line":37}},"s":{"0":0,"1":0,"2":0},"f":{"0":0},"b":{"0":[0],"1":[0],"2":[0,0]}}
,"/home/jean/projetos-pessoais-portifolio/curso-react-avancado-udemy/Won-GAmes_E-Commerce/front-end/src/stories/Header.stories.tsx": {"path":"/home/jean/projetos-pessoais-portifolio/curso-react-avancado-udemy/Won-GAmes_E-Commerce/front-end/src/stories/Header.stories.tsx","statementMap":{"0":{"start":{"line":12,"column":37},"end":{"line":12,"column":67}},"1":{"start":{"line":12,"column":47},"end":{"line":12,"column":67}},"2":{"start":{"line":14,"column":24},"end":{"line":14,"column":41}},"3":{"start":{"line":15,"column":0},"end":{"line":17,"column":2}},"4":{"start":{"line":19,"column":25},"end":{"line":19,"column":42}},"5":{"start":{"line":20,"column":0},"end":{"line":20,"column":20}}},"fnMap":{"0":{"name":"(anonymous_0)","decl":{"start":{"line":12,"column":37},"end":{"line":12,"column":38}},"loc":{"start":{"line":12,"column":47},"end":{"line":12,"column":67}},"line":12}},"branchMap":{},"s":{"0":0,"1":0,"2":0,"3":0,"4":0,"5":0},"f":{"0":0},"b":{}}
,"/home/jean/projetos-pessoais-portifolio/curso-react-avancado-udemy/Won-GAmes_E-Commerce/front-end/src/stories/Header.tsx": {"path":"/home/jean/projetos-pessoais-portifolio/curso-react-avancado-udemy/Won-GAmes_E-Commerce/front-end/src/stories/Header.tsx","statementMap":{"0":{"start":{"line":13,"column":45},"end":{"line":47,"column":1}},"1":{"start":{"line":14,"column":2},"end":{"line":46,"column":11}}},"fnMap":{"0":{"name":"(anonymous_0)","decl":{"start":{"line":13,"column":45},"end":{"line":13,"column":46}},"loc":{"start":{"line":14,"column":2},"end":{"line":46,"column":11}},"line":14}},"branchMap":{"0":{"loc":{"start":{"line":36,"column":9},"end":{"line":43,"column":9}},"type":"cond-expr","locations":[{"start":{"line":37,"column":10},"end":{"line":37,"column":68}},{"start":{"line":39,"column":10},"end":{"line":42,"column":13}}],"line":36}},"s":{"0":0,"1":0},"f":{"0":0},"b":{"0":[0,0]}}
,"/home/jean/projetos-pessoais-portifolio/curso-react-avancado-udemy/Won-GAmes_E-Commerce/front-end/src/stories/Page.stories.tsx": {"path":"/home/jean/projetos-pessoais-portifolio/curso-react-avancado-udemy/Won-GAmes_E-Commerce/front-end/src/stories/Page.stories.tsx","statementMap":{"0":{"start":{"line":13,"column":35},"end":{"line":13,"column":63}},"1":{"start":{"line":13,"column":45},"end":{"line":13,"column":63}},"2":{"start":{"line":15,"column":24},"end":{"line":15,"column":41}},"3":{"start":{"line":16,"column":0},"end":{"line":18,"column":2}},"4":{"start":{"line":20,"column":25},"end":{"line":20,"column":42}},"5":{"start":{"line":21,"column":0},"end":{"line":23,"column":2}}},"fnMap":{"0":{"name":"(anonymous_0)","decl":{"start":{"line":13,"column":35},"end":{"line":13,"column":36}},"loc":{"start":{"line":13,"column":45},"end":{"line":13,"column":63}},"line":13}},"branchMap":{},"s":{"0":0,"1":0,"2":0,"3":0,"4":0,"5":0},"f":{"0":0},"b":{}}
,"/home/jean/projetos-pessoais-portifolio/curso-react-avancado-udemy/Won-GAmes_E-Commerce/front-end/src/stories/Page.tsx": {"path":"/home/jean/projetos-pessoais-portifolio/curso-react-avancado-udemy/Won-GAmes_E-Commerce/front-end/src/stories/Page.tsx","statementMap":{"0":{"start":{"line":13,"column":41},"end":{"line":67,"column":1}},"1":{"start":{"line":14,"column":2},"end":{"line":66,"column":12}}},"fnMap":{"0":{"name":"(anonymous_0)","decl":{"start":{"line":13,"column":41},"end":{"line":13,"column":42}},"loc":{"start":{"line":14,"column":2},"end":{"line":66,"column":12}},"line":14}},"branchMap":{},"s":{"0":0,"1":0},"f":{"0":0},"b":{}}
}
